<?xml version="1.0" encoding="UTF-8"?>
<!-- Generated by org.testng.reporters.JUnitReportReporter -->
<testsuite hostname="LAPTOP-EPHMJVHJ" name="test.ActitimeLoginTest" tests="1" failures="0" timestamp="11 Sep 2019 10:12:40 GMT" time="55.668" errors="0">
  <testcase name="login" time="55.668" classname="test.ActitimeLoginTest"/>
</testsuite> <!-- test.ActitimeLoginTest -->
