<?xml version="1.0" encoding="UTF-8"?>
<!-- Generated by org.testng.reporters.JUnitReportReporter -->
<testsuite hostname="LAPTOP-EPHMJVHJ" name="test.ActitimeCustomerTest" tests="1" failures="0" timestamp="11 Sep 2019 10:12:40 GMT" time="57.710" errors="0">
  <testcase name="customerCreate" time="57.710" classname="test.ActitimeCustomerTest"/>
</testsuite> <!-- test.ActitimeCustomerTest -->
